app/build/intermediates/manifest_merge_blame_file/release/manifest-merger-blame-release-report.txt
1<?xml version="1.0" encoding="utf-8"?>
2<manifest xmlns:android="http://schemas.android.com/apk/res/android"
3    package="me.devsaki.cherry"
4    android:installLocation="auto"
5    android:versionCode="130"
6    android:versionName="1.14.0" >
7
8    <uses-sdk
9        android:minSdkVersion="26"
9-->src\main\AndroidManifest.xml
10        android:targetSdkVersion="33" />
10-->src\main\AndroidManifest.xml
11
12    <uses-permission android:name="android.permission.INTERNET" />
12-->src\main\AndroidManifest.xml:6:5-67
12-->src\main\AndroidManifest.xml:6:22-64
13    <uses-permission android:name="android.permission.ACCESS_NETWORK_STATE" />
13-->src\main\AndroidManifest.xml:7:5-79
13-->src\main\AndroidManifest.xml:7:22-76
14    <uses-permission android:name="android.permission.ACCESS_WIFI_STATE" />
14-->src\main\AndroidManifest.xml:8:5-76
14-->src\main\AndroidManifest.xml:8:22-73
15    <uses-permission android:name="android.permission.READ_EXTERNAL_STORAGE" />
15-->src\main\AndroidManifest.xml:9:5-80
15-->src\main\AndroidManifest.xml:9:22-77
16    <!-- Somehow needed by Firebase for reliable local dispatching on non-Google Play devices -->
17    <uses-permission android:name="android.permission.WAKE_LOCK" />
17-->src\main\AndroidManifest.xml:11:5-68
17-->src\main\AndroidManifest.xml:11:22-65
18    <uses-permission android:name="android.permission.WRITE_EXTERNAL_STORAGE" />
18-->src\main\AndroidManifest.xml:12:5-81
18-->src\main\AndroidManifest.xml:12:22-78
19    <uses-permission android:name="android.permission.VIBRATE" />
19-->src\main\AndroidManifest.xml:13:5-66
19-->src\main\AndroidManifest.xml:13:22-63
20    <!-- Required to install update packages when targeting API 25 or higher -->
21    <uses-permission android:name="android.permission.REQUEST_INSTALL_PACKAGES" />
21-->src\main\AndroidManifest.xml:15:5-83
21-->src\main\AndroidManifest.xml:15:22-80
22    <!-- Required to run keep-alive service when targeting API 28 or higher -->
23    <uses-permission android:name="android.permission.FOREGROUND_SERVICE" />
23-->src\main\AndroidManifest.xml:17:5-77
23-->src\main\AndroidManifest.xml:17:22-74
24    <!-- Required to install update packages when targeting API 29 or higher -->
25    <uses-permission android:name="android.permission.USE_FULL_SCREEN_INTENT" />
25-->src\main\AndroidManifest.xml:19:5-81
25-->src\main\AndroidManifest.xml:19:22-78
26    <!-- Required to fire notifications when targeting API 33 or higher -->
27    <uses-permission android:name="android.permission.POST_NOTIFICATIONS" />
27-->src\main\AndroidManifest.xml:21:5-77
27-->src\main\AndroidManifest.xml:21:22-74
28    <uses-permission android:name="com.google.android.finsky.permission.BIND_GET_INSTALL_REFERRER_SERVICE" />
28-->[com.google.android.gms:play-services-measurement:21.2.2] AndroidManifest.xml:26:5-110
28-->[com.google.android.gms:play-services-measurement:21.2.2] AndroidManifest.xml:26:22-107
29    <uses-permission android:name="com.google.android.gms.permission.AD_ID" />
29-->[com.google.android.gms:play-services-measurement-api:21.2.2] AndroidManifest.xml:25:5-79
29-->[com.google.android.gms:play-services-measurement-api:21.2.2] AndroidManifest.xml:25:22-76
30    <uses-permission android:name="android.permission.RECEIVE_BOOT_COMPLETED" />
30-->[androidx.work:work-runtime:2.8.1] AndroidManifest.xml:25:5-81
30-->[androidx.work:work-runtime:2.8.1] AndroidManifest.xml:25:22-78
31
32    <permission
32-->[androidx.core:core:1.10.0] AndroidManifest.xml:22:5-24:47
33        android:name="me.devsaki.cherry.DYNAMIC_RECEIVER_NOT_EXPORTED_PERMISSION"
33-->[androidx.core:core:1.10.0] AndroidManifest.xml:23:9-81
34        android:protectionLevel="signature" />
34-->[androidx.core:core:1.10.0] AndroidManifest.xml:24:9-44
35
36    <uses-permission android:name="me.devsaki.cherry.DYNAMIC_RECEIVER_NOT_EXPORTED_PERMISSION" />
36-->[androidx.core:core:1.10.0] AndroidManifest.xml:26:5-97
36-->[androidx.core:core:1.10.0] AndroidManifest.xml:26:22-94
37
38    <application
38-->src\main\AndroidManifest.xml:23:5-489:19
39        android:name="me.devsaki.hentoid.core.HentoidApp"
39-->src\main\AndroidManifest.xml:24:9-40
40        android:allowBackup="false"
40-->src\main\AndroidManifest.xml:25:9-36
41        android:appComponentFactory="androidx.core.app.CoreComponentFactory"
41-->[androidx.core:core:1.10.0] AndroidManifest.xml:28:18-86
42        android:extractNativeLibs="true"
42-->src\main\AndroidManifest.xml:26:9-41
43        android:icon="@mipmap/ic_launcher"
43-->src\main\AndroidManifest.xml:27:9-43
44        android:label="@string/app_name"
44-->src\main\AndroidManifest.xml:28:9-41
45        android:largeHeap="true"
45-->src\main\AndroidManifest.xml:29:9-33
46        android:localeConfig="@xml/locales_config"
46-->src\main\AndroidManifest.xml:30:9-51
47        android:roundIcon="@mipmap/ic_launcher"
47-->src\main\AndroidManifest.xml:31:9-48
48        android:supportsRtl="false"
48-->src\main\AndroidManifest.xml:32:9-36
49        android:theme="@style/Theme.Light"
49-->src\main\AndroidManifest.xml:33:9-43
50        android:usesCleartextTraffic="true" >
50-->src\main\AndroidManifest.xml:34:9-44
51        <meta-data
51-->src\main\AndroidManifest.xml:37:9-39:36
52            android:name="android.webkit.WebView.MetricsOptOut"
52-->src\main\AndroidManifest.xml:38:13-64
53            android:value="true" />
53-->src\main\AndroidManifest.xml:39:13-33
54
55        <activity
55-->src\main\AndroidManifest.xml:41:9-45:40
56            android:name="me.devsaki.hentoid.activities.MissingWebViewActivity"
56-->src\main\AndroidManifest.xml:42:13-62
57            android:exported="false"
57-->src\main\AndroidManifest.xml:43:13-37
58            android:label="@string/missing_web_view"
58-->src\main\AndroidManifest.xml:44:13-53
59            android:noHistory="true" />
59-->src\main\AndroidManifest.xml:45:13-37
60        <activity
60-->src\main\AndroidManifest.xml:46:9-54:20
61            android:name="me.devsaki.hentoid.activities.SplashActivity"
61-->src\main\AndroidManifest.xml:47:13-54
62            android:exported="true"
62-->src\main\AndroidManifest.xml:48:13-36
63            android:noHistory="true" >
63-->src\main\AndroidManifest.xml:49:13-37
64            <intent-filter>
64-->src\main\AndroidManifest.xml:50:13-53:29
65                <action android:name="android.intent.action.MAIN" />
65-->src\main\AndroidManifest.xml:51:17-69
65-->src\main\AndroidManifest.xml:51:25-66
66
67                <category android:name="android.intent.category.LAUNCHER" />
67-->src\main\AndroidManifest.xml:52:17-77
67-->src\main\AndroidManifest.xml:52:27-74
68            </intent-filter>
69        </activity>
70        <activity
70-->src\main\AndroidManifest.xml:55:9-57:49
71            android:name="me.devsaki.hentoid.activities.IntroActivity"
71-->src\main\AndroidManifest.xml:56:13-53
72            android:label="@string/app_intro" />
72-->src\main\AndroidManifest.xml:57:13-46
73        <activity
73-->src\main\AndroidManifest.xml:58:9-60:62
74            android:name="me.devsaki.hentoid.activities.sources.XhamsterActivity"
74-->src\main\AndroidManifest.xml:59:13-64
75            android:configChanges="orientation|screenSize" />
75-->src\main\AndroidManifest.xml:60:13-59
76        <activity
76-->src\main\AndroidManifest.xml:61:9-63:62
77            android:name="me.devsaki.hentoid.activities.sources.XnxxActivity"
77-->src\main\AndroidManifest.xml:62:13-60
78            android:configChanges="orientation|screenSize" />
78-->src\main\AndroidManifest.xml:63:13-59
79        <activity
79-->src\main\AndroidManifest.xml:64:9-66:62
80            android:name="me.devsaki.hentoid.activities.sources.PornPicsActivity"
80-->src\main\AndroidManifest.xml:65:13-64
81            android:configChanges="orientation|screenSize" />
81-->src\main\AndroidManifest.xml:66:13-59
82        <activity
82-->src\main\AndroidManifest.xml:67:9-69:62
83            android:name="me.devsaki.hentoid.activities.sources.JpegworldActivity"
83-->src\main\AndroidManifest.xml:68:13-65
84            android:configChanges="orientation|screenSize" />
84-->src\main\AndroidManifest.xml:69:13-59
85        <activity
85-->src\main\AndroidManifest.xml:70:9-72:62
86            android:name="me.devsaki.hentoid.activities.sources.NextpicturezActivity"
86-->src\main\AndroidManifest.xml:71:13-68
87            android:configChanges="orientation|screenSize" />
87-->src\main\AndroidManifest.xml:72:13-59
88        <activity
88-->src\main\AndroidManifest.xml:73:9-75:62
89            android:name="me.devsaki.hentoid.activities.sources.HellpornoActivity"
89-->src\main\AndroidManifest.xml:74:13-65
90            android:configChanges="orientation|screenSize" />
90-->src\main\AndroidManifest.xml:75:13-59
91        <activity
91-->src\main\AndroidManifest.xml:76:9-78:62
92            android:name="me.devsaki.hentoid.activities.sources.PornPicGalleriesActivity"
92-->src\main\AndroidManifest.xml:77:13-72
93            android:configChanges="orientation|screenSize" />
93-->src\main\AndroidManifest.xml:78:13-59
94        <activity
94-->src\main\AndroidManifest.xml:79:9-81:62
95            android:name="me.devsaki.hentoid.activities.sources.Link2GalleriesActivity"
95-->src\main\AndroidManifest.xml:80:13-70
96            android:configChanges="orientation|screenSize" />
96-->src\main\AndroidManifest.xml:81:13-59
97        <activity
97-->src\main\AndroidManifest.xml:82:9-84:62
98            android:name="me.devsaki.hentoid.activities.sources.RedditActivity"
98-->src\main\AndroidManifest.xml:83:13-62
99            android:configChanges="orientation|screenSize" />
99-->src\main\AndroidManifest.xml:84:13-59
100        <activity
100-->src\main\AndroidManifest.xml:85:9-87:62
101            android:name="me.devsaki.hentoid.activities.sources.RedditLaunchActivity"
101-->src\main\AndroidManifest.xml:86:13-68
102            android:configChanges="orientation|screenSize" />
102-->src\main\AndroidManifest.xml:87:13-59
103        <activity
103-->src\main\AndroidManifest.xml:88:9-90:62
104            android:name="me.devsaki.hentoid.activities.sources.JjgirlsActivity"
104-->src\main\AndroidManifest.xml:89:13-63
105            android:configChanges="orientation|screenSize" />
105-->src\main\AndroidManifest.xml:90:13-59
106        <activity
106-->src\main\AndroidManifest.xml:91:9-93:62
107            android:name="me.devsaki.hentoid.activities.sources.Jjgirls2Activity"
107-->src\main\AndroidManifest.xml:92:13-64
108            android:configChanges="orientation|screenSize" />
108-->src\main\AndroidManifest.xml:93:13-59
109        <activity
109-->src\main\AndroidManifest.xml:94:9-96:62
110            android:name="me.devsaki.hentoid.activities.sources.BabeTodayActivity"
110-->src\main\AndroidManifest.xml:95:13-65
111            android:configChanges="orientation|screenSize" />
111-->src\main\AndroidManifest.xml:96:13-59
112        <activity
112-->src\main\AndroidManifest.xml:97:9-99:62
113            android:name="me.devsaki.hentoid.activities.sources.LusciousActivity"
113-->src\main\AndroidManifest.xml:98:13-64
114            android:configChanges="orientation|screenSize" />
114-->src\main\AndroidManifest.xml:99:13-59
115        <activity
115-->src\main\AndroidManifest.xml:100:9-102:62
116            android:name="me.devsaki.hentoid.activities.sources.FapalityActivity"
116-->src\main\AndroidManifest.xml:101:13-64
117            android:configChanges="orientation|screenSize" />
117-->src\main\AndroidManifest.xml:102:13-59
118        <activity
118-->src\main\AndroidManifest.xml:103:9-105:62
119            android:name="me.devsaki.hentoid.activities.sources.AsianSisterActivity"
119-->src\main\AndroidManifest.xml:104:13-67
120            android:configChanges="orientation|screenSize" />
120-->src\main\AndroidManifest.xml:105:13-59
121        <activity
121-->src\main\AndroidManifest.xml:106:9-114:20
122            android:name="me.devsaki.hentoid.activities.LibraryActivity"
122-->src\main\AndroidManifest.xml:107:13-55
123            android:configChanges="orientation|screenSize"
123-->src\main\AndroidManifest.xml:108:13-59
124            android:label="@string/title_activity_downloads"
124-->src\main\AndroidManifest.xml:109:13-61
125            android:launchMode="singleTop" >
125-->src\main\AndroidManifest.xml:110:13-43
126            <meta-data
126-->src\main\AndroidManifest.xml:111:13-113:54
127                android:name="android.app.searchable"
127-->src\main\AndroidManifest.xml:112:17-54
128                android:resource="@xml/searchable" />
128-->src\main\AndroidManifest.xml:113:17-51
129        </activity>
130        <activity
130-->src\main\AndroidManifest.xml:115:9-124:20
131            android:name="me.devsaki.hentoid.activities.QueueActivity"
131-->src\main\AndroidManifest.xml:116:13-53
132            android:configChanges="orientation|screenSize"
132-->src\main\AndroidManifest.xml:117:13-59
133            android:label="@string/title_activity_queue"
133-->src\main\AndroidManifest.xml:118:13-57
134            android:parentActivityName="me.devsaki.hentoid.activities.LibraryActivity" >
134-->src\main\AndroidManifest.xml:119:13-69
135            <meta-data
135-->src\main\AndroidManifest.xml:121:13-123:63
136                android:name="android.support.PARENT_ACTIVITY"
136-->src\main\AndroidManifest.xml:122:17-63
137                android:value=".activities.LibraryActivity" />
137-->src\main\AndroidManifest.xml:123:17-60
138        </activity>
139        <activity
139-->src\main\AndroidManifest.xml:125:9-135:20
140            android:name="me.devsaki.hentoid.activities.PrefsActivity"
140-->src\main\AndroidManifest.xml:126:13-53
141            android:configChanges="orientation|screenSize"
141-->src\main\AndroidManifest.xml:127:13-59
142            android:label="@string/title_activity_settings"
142-->src\main\AndroidManifest.xml:128:13-60
143            android:parentActivityName="me.devsaki.hentoid.activities.LibraryActivity"
143-->src\main\AndroidManifest.xml:129:13-69
144            android:theme="@style/Theme.Light.Prefs" >
144-->src\main\AndroidManifest.xml:130:13-53
145            <meta-data
145-->src\main\AndroidManifest.xml:121:13-123:63
146                android:name="android.support.PARENT_ACTIVITY"
146-->src\main\AndroidManifest.xml:122:17-63
147                android:value=".activities.LibraryActivity" />
147-->src\main\AndroidManifest.xml:123:17-60
148        </activity>
149        <activity
149-->src\main\AndroidManifest.xml:136:9-146:20
150            android:name="me.devsaki.hentoid.activities.ToolsActivity"
150-->src\main\AndroidManifest.xml:137:13-53
151            android:configChanges="orientation|screenSize"
151-->src\main\AndroidManifest.xml:138:13-59
152            android:label="@string/title_activity_settings"
152-->src\main\AndroidManifest.xml:139:13-60
153            android:parentActivityName="me.devsaki.hentoid.activities.LibraryActivity"
153-->src\main\AndroidManifest.xml:140:13-69
154            android:theme="@style/Theme.Light.Prefs" >
154-->src\main\AndroidManifest.xml:141:13-53
155            <meta-data
155-->src\main\AndroidManifest.xml:121:13-123:63
156                android:name="android.support.PARENT_ACTIVITY"
156-->src\main\AndroidManifest.xml:122:17-63
157                android:value=".activities.LibraryActivity" />
157-->src\main\AndroidManifest.xml:123:17-60
158        </activity>
159        <activity
159-->src\main\AndroidManifest.xml:147:9-155:20
160            android:name="me.devsaki.hentoid.activities.AboutActivity"
160-->src\main\AndroidManifest.xml:148:13-53
161            android:label="@string/title_activity_about"
161-->src\main\AndroidManifest.xml:149:13-57
162            android:parentActivityName="me.devsaki.hentoid.activities.LibraryActivity" >
162-->src\main\AndroidManifest.xml:150:13-69
163            <meta-data
163-->src\main\AndroidManifest.xml:121:13-123:63
164                android:name="android.support.PARENT_ACTIVITY"
164-->src\main\AndroidManifest.xml:122:17-63
165                android:value=".activities.LibraryActivity" />
165-->src\main\AndroidManifest.xml:123:17-60
166        </activity>
167        <activity
167-->src\main\AndroidManifest.xml:156:9-159:46
168            android:name="me.devsaki.hentoid.activities.DrawerEditActivity"
168-->src\main\AndroidManifest.xml:157:13-58
169            android:label="@string/title_activity_drawer_edit" />
169-->src\main\AndroidManifest.xml:158:13-63
170        <activity
170-->src\main\AndroidManifest.xml:160:9-163:46
171            android:name="me.devsaki.hentoid.activities.DuplicateDetectorActivity"
171-->src\main\AndroidManifest.xml:161:13-65
172            android:label="@string/title_activity_duplicate_detector" />
172-->src\main\AndroidManifest.xml:162:13-70
173        <activity
173-->src\main\AndroidManifest.xml:164:9-167:46
174            android:name="me.devsaki.hentoid.activities.SearchActivity"
174-->src\main\AndroidManifest.xml:165:13-54
175            android:label="@string/title_activity_search" />
175-->src\main\AndroidManifest.xml:166:13-58
176        <activity
176-->src\main\AndroidManifest.xml:168:9-172:52
177            android:name="me.devsaki.hentoid.activities.UnlockActivity"
177-->src\main\AndroidManifest.xml:169:13-54
178            android:noHistory="true"
178-->src\main\AndroidManifest.xml:170:13-37
179            android:resizeableActivity="false"
179-->src\main\AndroidManifest.xml:171:13-47
180            android:screenOrientation="portrait" />
180-->src\main\AndroidManifest.xml:172:13-49
181        <activity
181-->src\main\AndroidManifest.xml:173:9-176:52
182            android:name="me.devsaki.hentoid.activities.PinPreferenceActivity"
182-->src\main\AndroidManifest.xml:174:13-61
183            android:resizeableActivity="false"
183-->src\main\AndroidManifest.xml:175:13-47
184            android:screenOrientation="portrait" />
184-->src\main\AndroidManifest.xml:176:13-49
185        <activity
185-->src\main\AndroidManifest.xml:177:9-180:46
186            android:name="me.devsaki.hentoid.activities.MetadataEditActivity"
186-->src\main\AndroidManifest.xml:178:13-60
187            android:label="@string/title_activity_meta_edit" />
187-->src\main\AndroidManifest.xml:179:13-61
188        <activity
188-->src\main\AndroidManifest.xml:181:9-184:46
189            android:name="me.devsaki.hentoid.activities.RenamingRulesActivity"
189-->src\main\AndroidManifest.xml:182:13-61
190            android:label="@string/title_activity_rules" />
190-->src\main\AndroidManifest.xml:183:13-57
191        <activity
191-->src\main\AndroidManifest.xml:185:9-188:46
192            android:name="me.devsaki.hentoid.activities.StoragePreferenceActivity"
192-->src\main\AndroidManifest.xml:186:13-65
193            android:label="@string/title_activity_storage" />
193-->src\main\AndroidManifest.xml:187:13-59
194        <activity
194-->src\main\AndroidManifest.xml:189:9-436:20
195            android:name="me.devsaki.hentoid.activities.IntentActivity"
195-->src\main\AndroidManifest.xml:190:13-54
196            android:exported="true"
196-->src\main\AndroidManifest.xml:191:13-36
197            android:theme="@style/Theme.Invisible" >
197-->src\main\AndroidManifest.xml:192:13-51
198            <intent-filter>
198-->src\main\AndroidManifest.xml:193:13-197:29
199                <action android:name="android.intent.action.SEND" />
199-->src\main\AndroidManifest.xml:194:17-69
199-->src\main\AndroidManifest.xml:194:25-66
200
201                <category android:name="android.intent.category.DEFAULT" />
201-->src\main\AndroidManifest.xml:195:17-76
201-->src\main\AndroidManifest.xml:195:27-73
202
203                <data android:mimeType="text/plain" />
203-->src\main\AndroidManifest.xml:196:17-55
203-->src\main\AndroidManifest.xml:196:23-52
204            </intent-filter>
205            <intent-filter>
205-->src\main\AndroidManifest.xml:198:13-212:29
206                <action android:name="android.intent.action.VIEW" />
206-->src\main\AndroidManifest.xml:199:17-69
206-->src\main\AndroidManifest.xml:199:25-66
207
208                <category android:name="android.intent.category.DEFAULT" />
208-->src\main\AndroidManifest.xml:195:17-76
208-->src\main\AndroidManifest.xml:195:27-73
209                <category android:name="android.intent.category.BROWSABLE" />
209-->src\main\AndroidManifest.xml:202:17-78
209-->src\main\AndroidManifest.xml:202:27-75
210
211                <data
211-->src\main\AndroidManifest.xml:196:17-55
212                    android:host="xhamster.com"
212-->src\main\AndroidManifest.xml:205:21-48
213                    android:pathPrefix="/photos"
213-->src\main\AndroidManifest.xml:206:21-49
214                    android:scheme="https" />
214-->src\main\AndroidManifest.xml:207:21-43
215                <data
215-->src\main\AndroidManifest.xml:196:17-55
216                    android:host="www.nhentai.net"
216-->src\main\AndroidManifest.xml:205:21-48
217                    android:pathPrefix="/g/"
217-->src\main\AndroidManifest.xml:206:21-49
218                    android:scheme="https" />
218-->src\main\AndroidManifest.xml:207:21-43
219            </intent-filter>
220            <intent-filter>
220-->src\main\AndroidManifest.xml:213:13-223:29
221                <action android:name="android.intent.action.VIEW" />
221-->src\main\AndroidManifest.xml:199:17-69
221-->src\main\AndroidManifest.xml:199:25-66
222
223                <category android:name="android.intent.category.DEFAULT" />
223-->src\main\AndroidManifest.xml:195:17-76
223-->src\main\AndroidManifest.xml:195:27-73
224                <category android:name="android.intent.category.BROWSABLE" />
224-->src\main\AndroidManifest.xml:202:17-78
224-->src\main\AndroidManifest.xml:202:27-75
225
226                <data
226-->src\main\AndroidManifest.xml:196:17-55
227                    android:host="multi.xnxx.com"
227-->src\main\AndroidManifest.xml:205:21-48
228                    android:pathPrefix="/gallery"
228-->src\main\AndroidManifest.xml:206:21-49
229                    android:scheme="https" />
229-->src\main\AndroidManifest.xml:207:21-43
230            </intent-filter>
231            <intent-filter>
231-->src\main\AndroidManifest.xml:224:13-234:29
232                <action android:name="android.intent.action.VIEW" />
232-->src\main\AndroidManifest.xml:199:17-69
232-->src\main\AndroidManifest.xml:199:25-66
233
234                <category android:name="android.intent.category.DEFAULT" />
234-->src\main\AndroidManifest.xml:195:17-76
234-->src\main\AndroidManifest.xml:195:27-73
235                <category android:name="android.intent.category.BROWSABLE" />
235-->src\main\AndroidManifest.xml:202:17-78
235-->src\main\AndroidManifest.xml:202:27-75
236
237                <data
237-->src\main\AndroidManifest.xml:196:17-55
238                    android:host="pornpics.com"
238-->src\main\AndroidManifest.xml:205:21-48
239                    android:pathPrefix="/galleries"
239-->src\main\AndroidManifest.xml:206:21-49
240                    android:scheme="https" />
240-->src\main\AndroidManifest.xml:207:21-43
241            </intent-filter>
242            <intent-filter>
242-->src\main\AndroidManifest.xml:235:13-245:29
243                <action android:name="android.intent.action.VIEW" />
243-->src\main\AndroidManifest.xml:199:17-69
243-->src\main\AndroidManifest.xml:199:25-66
244
245                <category android:name="android.intent.category.DEFAULT" />
245-->src\main\AndroidManifest.xml:195:17-76
245-->src\main\AndroidManifest.xml:195:27-73
246                <category android:name="android.intent.category.BROWSABLE" />
246-->src\main\AndroidManifest.xml:202:17-78
246-->src\main\AndroidManifest.xml:202:27-75
247
248                <data
248-->src\main\AndroidManifest.xml:196:17-55
249                    android:host="jpegworld.com"
249-->src\main\AndroidManifest.xml:205:21-48
250                    android:pathPrefix="/galleries"
250-->src\main\AndroidManifest.xml:206:21-49
251                    android:scheme="https" />
251-->src\main\AndroidManifest.xml:207:21-43
252            </intent-filter>
253            <intent-filter>
253-->src\main\AndroidManifest.xml:246:13-256:29
254                <action android:name="android.intent.action.VIEW" />
254-->src\main\AndroidManifest.xml:199:17-69
254-->src\main\AndroidManifest.xml:199:25-66
255
256                <category android:name="android.intent.category.DEFAULT" />
256-->src\main\AndroidManifest.xml:195:17-76
256-->src\main\AndroidManifest.xml:195:27-73
257                <category android:name="android.intent.category.BROWSABLE" />
257-->src\main\AndroidManifest.xml:202:17-78
257-->src\main\AndroidManifest.xml:202:27-75
258
259                <data
259-->src\main\AndroidManifest.xml:196:17-55
260                    android:host="nextpicturez.com"
260-->src\main\AndroidManifest.xml:205:21-48
261                    android:pathPrefix="/gallery"
261-->src\main\AndroidManifest.xml:206:21-49
262                    android:scheme="http" />
262-->src\main\AndroidManifest.xml:207:21-43
263            </intent-filter>
264            <intent-filter>
264-->src\main\AndroidManifest.xml:257:13-267:29
265                <action android:name="android.intent.action.VIEW" />
265-->src\main\AndroidManifest.xml:199:17-69
265-->src\main\AndroidManifest.xml:199:25-66
266
267                <category android:name="android.intent.category.DEFAULT" />
267-->src\main\AndroidManifest.xml:195:17-76
267-->src\main\AndroidManifest.xml:195:27-73
268                <category android:name="android.intent.category.BROWSABLE" />
268-->src\main\AndroidManifest.xml:202:17-78
268-->src\main\AndroidManifest.xml:202:27-75
269
270                <data
270-->src\main\AndroidManifest.xml:196:17-55
271                    android:host="young-whores.net"
271-->src\main\AndroidManifest.xml:205:21-48
272                    android:pathPrefix="/gallery"
272-->src\main\AndroidManifest.xml:206:21-49
273                    android:scheme="http" />
273-->src\main\AndroidManifest.xml:207:21-43
274            </intent-filter>
275            <intent-filter>
275-->src\main\AndroidManifest.xml:268:13-278:29
276                <action android:name="android.intent.action.VIEW" />
276-->src\main\AndroidManifest.xml:199:17-69
276-->src\main\AndroidManifest.xml:199:25-66
277
278                <category android:name="android.intent.category.DEFAULT" />
278-->src\main\AndroidManifest.xml:195:17-76
278-->src\main\AndroidManifest.xml:195:27-73
279                <category android:name="android.intent.category.BROWSABLE" />
279-->src\main\AndroidManifest.xml:202:17-78
279-->src\main\AndroidManifest.xml:202:27-75
280
281                <data
281-->src\main\AndroidManifest.xml:196:17-55
282                    android:host="hellporno.com"
282-->src\main\AndroidManifest.xml:205:21-48
283                    android:pathPrefix="/albums"
283-->src\main\AndroidManifest.xml:206:21-49
284                    android:scheme="https" />
284-->src\main\AndroidManifest.xml:207:21-43
285            </intent-filter>
286            <intent-filter>
286-->src\main\AndroidManifest.xml:279:13-289:29
287                <action android:name="android.intent.action.VIEW" />
287-->src\main\AndroidManifest.xml:199:17-69
287-->src\main\AndroidManifest.xml:199:25-66
288
289                <category android:name="android.intent.category.DEFAULT" />
289-->src\main\AndroidManifest.xml:195:17-76
289-->src\main\AndroidManifest.xml:195:27-73
290                <category android:name="android.intent.category.BROWSABLE" />
290-->src\main\AndroidManifest.xml:202:17-78
290-->src\main\AndroidManifest.xml:202:27-75
291
292                <data
292-->src\main\AndroidManifest.xml:196:17-55
293                    android:host="jjgirls.com"
293-->src\main\AndroidManifest.xml:205:21-48
294                    android:pathPattern="/..*/..*/..*/"
294-->src\main\AndroidManifest.xml:287:21-56
295                    android:scheme="https" />
295-->src\main\AndroidManifest.xml:207:21-43
296            </intent-filter>
297            <intent-filter>
297-->src\main\AndroidManifest.xml:290:13-312:29
298                <action android:name="android.intent.action.VIEW" />
298-->src\main\AndroidManifest.xml:199:17-69
298-->src\main\AndroidManifest.xml:199:25-66
299
300                <category android:name="android.intent.category.DEFAULT" />
300-->src\main\AndroidManifest.xml:195:17-76
300-->src\main\AndroidManifest.xml:195:27-73
301                <category android:name="android.intent.category.BROWSABLE" />
301-->src\main\AndroidManifest.xml:202:17-78
301-->src\main\AndroidManifest.xml:202:27-75
302
303                <data
303-->src\main\AndroidManifest.xml:196:17-55
304                    android:host="luscious.net"
304-->src\main\AndroidManifest.xml:205:21-48
305                    android:pathPattern="..*/..*"
305-->src\main\AndroidManifest.xml:287:21-56
306                    android:scheme="https" />
306-->src\main\AndroidManifest.xml:207:21-43
307                <data
307-->src\main\AndroidManifest.xml:196:17-55
308                    android:host="www.luscious.net"
308-->src\main\AndroidManifest.xml:205:21-48
309                    android:pathPattern="..*/..*"
309-->src\main\AndroidManifest.xml:287:21-56
310                    android:scheme="https" />
310-->src\main\AndroidManifest.xml:207:21-43
311                <data
311-->src\main\AndroidManifest.xml:196:17-55
312                    android:host="members.luscious.net"
312-->src\main\AndroidManifest.xml:205:21-48
313                    android:pathPattern="..*/..*"
313-->src\main\AndroidManifest.xml:287:21-56
314                    android:scheme="https" />
314-->src\main\AndroidManifest.xml:207:21-43
315                <data
315-->src\main\AndroidManifest.xml:196:17-55
316                    android:host="www.members.luscious.net"
316-->src\main\AndroidManifest.xml:205:21-48
317                    android:pathPattern="..*/..*"
317-->src\main\AndroidManifest.xml:287:21-56